<?xml version="1.0" encoding="UTF-8"?>
<testsuite xmlns:xsi="http://www.w3.org/2001/XMLSchema-instance" xsi:noNamespaceSchemaLocation="https://maven.apache.org/surefire/maven-surefire-plugin/xsd/surefire-test-report.xsd" version="3.0.1" name="org.apache.maven.repository.internal.DefaultModelResolverTest" time="0.928" tests="10" errors="0" skipped="0" failures="0">
  <properties>
[...]
</properties>
  <testcase name="testResolveParentThrowsUnresolvableModelExceptionWhenNotFound" classname="org.apache.maven.repository.internal.DefaultModelResolverTest" time="0.163">
    <system-out><![CDATA[Aether Repository - artifactResolving: ut.simple:artifact:pom:0
Aether Repository - artifactDownloading: ut.simple:artifact:pom:0 from repo (file:/opt/maven/apache-maven-3.9.9/maven-resolver-provider/target/test-classes/repo/, default, releases+snapshots)
Aether Transfer - transferInitiated: Downloading: file:/opt/maven/apache-maven-3.9.9/maven-resolver-provider/target/test-classes/repo/ut/simple/artifact/0/artifact-0.pom

Aether Transfer - transferFailed: class org.eclipse.aether.transfer.ArtifactNotFoundException: Could not find artifact ut.simple:artifact:pom:0 in repo (file:/opt/maven/apache-maven-3.9.9/maven-resolver-provider/target/test-classes/repo/)
Aether Repository - artifactDownloaded: ut.simple:artifact:pom:0 from repo (file:/opt/maven/apache-maven-3.9.9/maven-resolver-provider/target/test-classes/repo/, default, releases+snapshots)
Aether Repository - artifactResolved: ut.simple:artifact:pom:0 from null
]]></system-out>
  </testcase>
  <testcase name="testResolveDependencyThrowsUnresolvableModelExceptionWhenNotFound" classname="org.apache.maven.repository.internal.DefaultModelResolverTest" time="0.1">
    <system-out><![CDATA[Aether Repository - artifactResolving: ut.simple:artifact:pom:0
Aether Repository - artifactDownloading: ut.simple:artifact:pom:0 from repo (file:/opt/maven/apache-maven-3.9.9/maven-resolver-provider/target/test-classes/repo/, default, releases+snapshots)
Aether Transfer - transferInitiated: Downloading: file:/opt/maven/apache-maven-3.9.9/maven-resolver-provider/target/test-classes/repo/ut/simple/artifact/0/artifact-0.pom

Aether Transfer - transferFailed: class org.eclipse.aether.transfer.ArtifactNotFoundException: Could not find artifact ut.simple:artifact:pom:0 in repo (file:/opt/maven/apache-maven-3.9.9/maven-resolver-provider/target/test-classes/repo/)
Aether Repository - artifactDownloaded: ut.simple:artifact:pom:0 from repo (file:/opt/maven/apache-maven-3.9.9/maven-resolver-provider/target/test-classes/repo/, default, releases+snapshots)
Aether Repository - artifactResolved: ut.simple:artifact:pom:0 from null
]]></system-out>
  </testcase>
  <testcase name="testResolveDependencySuccessfullyResolvesExistingDependencyWithoutRange" classname="org.apache.maven.repository.internal.DefaultModelResolverTest" time="0.103">
    <system-out><![CDATA[Aether Repository - artifactResolving: ut.simple:artifact:pom:1.0
Aether Repository - artifactDownloading: ut.simple:artifact:pom:1.0 from repo (file:/opt/maven/apache-maven-3.9.9/maven-resolver-provider/target/test-classes/repo/, default, releases+snapshots)
Aether Transfer - transferInitiated: Downloading: file:/opt/maven/apache-maven-3.9.9/maven-resolver-provider/target/test-classes/repo/ut/simple/artifact/1.0/artifact-1.0.pom
Aether Transfer - transferProgressed: 2/2 KB   Aether Transfer - transferCorrupted: class org.eclipse.aether.transfer.ChecksumFailureException: Checksum validation failed, no checksums available
         
Aether Transfer - transferSucceeded: Downloaded: file:/opt/maven/apache-maven-3.9.9/maven-resolver-provider/target/test-classes/repo/ut/simple/artifact/1.0/artifact-1.0.pom (2 KB at 402.3 KB/sec)
Aether Repository - artifactDownloaded: ut.simple:artifact:pom:1.0 from repo (file:/opt/maven/apache-maven-3.9.9/maven-resolver-provider/target/test-classes/repo/, default, releases+snapshots)
Aether Repository - artifactResolved: ut.simple:artifact:pom:1.0 from repo (file:/opt/maven/apache-maven-3.9.9/maven-resolver-provider/target/test-classes/repo/, default, releases+snapshots)
]]></system-out>
    <system-err><![CDATA[[main] WARN org.eclipse.aether.internal.impl.WarnChecksumPolicy - Could not validate integrity of download from file:/opt/maven/apache-maven-3.9.9/maven-resolver-provider/target/test-classes/repo/ut/simple/artifact/1.0/artifact-1.0.pom
org.eclipse.aether.transfer.ChecksumFailureException: Checksum validation failed, no checksums available
	at org.eclipse.aether.internal.impl.AbstractChecksumPolicy.onNoMoreChecksums(AbstractChecksumPolicy.java:63)
	at org.eclipse.aether.connector.basic.ChecksumValidator.validate(ChecksumValidator.java:112)
	at org.eclipse.aether.connector.basic.BasicRepositoryConnector$GetTaskRunner.runTask(BasicRepositoryConnector.java:484)
	at org.eclipse.aether.connector.basic.BasicRepositoryConnector$TaskRunner.run(BasicRepositoryConnector.java:414)
	at org.eclipse.aether.connector.basic.BasicRepositoryConnector.get(BasicRepositoryConnector.java:260)
	at org.eclipse.aether.internal.impl.DefaultArtifactResolver.performDownloads(DefaultArtifactResolver.java:537)
	at org.eclipse.aether.internal.impl.DefaultArtifactResolver.resolve(DefaultArtifactResolver.java:449)
	at org.eclipse.aether.internal.impl.DefaultArtifactResolver.resolveArtifacts(DefaultArtifactResolver.java:261)
	at org.eclipse.aether.internal.impl.DefaultArtifactResolver.resolveArtifact(DefaultArtifactResolver.java:243)
	at org.apache.maven.repository.internal.DefaultModelResolver.resolveModel(DefaultModelResolver.java:158)
	at org.apache.maven.repository.internal.DefaultModelResolver.resolveModel(DefaultModelResolver.java:248)
	at org.apache.maven.repository.internal.DefaultModelResolverTest.testResolveDependencySuccessfullyResolvesExistingDependencyWithoutRange(DefaultModelResolverTest.java:162)
	at java.base/jdk.internal.reflect.DirectMethodHandleAccessor.invoke(DirectMethodHandleAccessor.java:103)
	at java.base/java.lang.reflect.Method.invoke(Method.java:580)
	at junit.framework.TestCase.runTest(TestCase.java:177)
	at junit.framework.TestCase.runBare(TestCase.java:142)
	at junit.framework.TestResult$1.protect(TestResult.java:122)
	at junit.framework.TestResult.runProtected(TestResult.java:142)
	at junit.framework.TestResult.run(TestResult.java:125)
	at junit.framework.TestCase.run(TestCase.java:130)
	at junit.framework.TestSuite.runTest(TestSuite.java:241)
	at junit.framework.TestSuite.run(TestSuite.java:236)
	at org.junit.internal.runners.JUnit38ClassRunner.run(JUnit38ClassRunner.java:90)
	at org.apache.maven.surefire.junit4.JUnit4Provider.execute(JUnit4Provider.java:316)
	at org.apache.maven.surefire.junit4.JUnit4Provider.executeWithRerun(JUnit4Provider.java:240)
	at org.apache.maven.surefire.junit4.JUnit4Provider.executeTestSet(JUnit4Provider.java:214)
	at org.apache.maven.surefire.junit4.JUnit4Provider.invoke(JUnit4Provider.java:155)
	at org.apache.maven.surefire.booter.ForkedBooter.runSuitesInProcess(ForkedBooter.java:385)
	at org.apache.maven.surefire.booter.ForkedBooter.execute(ForkedBooter.java:162)
	at org.apache.maven.surefire.booter.ForkedBooter.run(ForkedBooter.java:507)
	at org.apache.maven.surefire.booter.ForkedBooter.main(ForkedBooter.java:495)
]]></system-err>
  </testcase>
  <testcase name="testResolveParentSuccessfullyResolvesExistingParentWithoutRange" classname="org.apache.maven.repository.internal.DefaultModelResolverTest" time="0.122">
    <system-out><![CDATA[Aether Repository - artifactResolving: ut.simple:artifact:pom:1.0
Aether Repository - artifactResolved: ut.simple:artifact:pom:1.0 from repo (file:/opt/maven/apache-maven-3.9.9/maven-resolver-provider/target/test-classes/repo/, default, releases+snapshots)
]]></system-out>
  </testcase>
  <testcase name="testResolveParentSuccessfullyResolvesExistingParentUsingHighestVersion" classname="org.apache.maven.repository.internal.DefaultModelResolverTest" time="0.139">
    <system-out><![CDATA[Aether Repository - metadataResolving: ut.simple:artifact/maven-metadata.xml from /opt/maven/apache-maven-3.9.9/maven-resolver-provider/target/local-repo (enhanced)
Aether Repository - metadataResolved: ut.simple:artifact/maven-metadata.xml from /opt/maven/apache-maven-3.9.9/maven-resolver-provider/target/local-repo (enhanced)
Aether Repository - metadataResolving: ut.simple:artifact/maven-metadata.xml from repo (file:/opt/maven/apache-maven-3.9.9/maven-resolver-provider/target/test-classes/repo/, default, releases+snapshots)
Aether Repository - metadataResolving: ut.simple:artifact/maven-metadata.xml from /opt/maven/apache-maven-3.9.9/maven-resolver-provider/target/local-repo (enhanced)
Aether Repository - metadataResolved: ut.simple:artifact/maven-metadata.xml from /opt/maven/apache-maven-3.9.9/maven-resolver-provider/target/local-repo (enhanced)
Aether Repository - metadataResolving: ut.simple:artifact/maven-metadata.xml from repo (file:/opt/maven/apache-maven-3.9.9/maven-resolver-provider/target/test-classes/repo/, default, releases+snapshots)
Aether Transfer - transferInitiated: Downloading: file:/opt/maven/apache-maven-3.9.9/maven-resolver-provider/target/test-classes/repo/ut/simple/artifact/maven-metadata.xml
Aether Transfer - transferProgressed: 2/2 KB   Aether Transfer - transferCorrupted: class org.eclipse.aether.transfer.ChecksumFailureException: Checksum validation failed, no checksums available
         
Aether Transfer - transferSucceeded: Downloaded: file:/opt/maven/apache-maven-3.9.9/maven-resolver-provider/target/test-classes/repo/ut/simple/artifact/maven-metadata.xml (2 KB at 330.3 KB/sec)
Aether Repository - metadataResolved: ut.simple:artifact/maven-metadata.xml from repo (file:/opt/maven/apache-maven-3.9.9/maven-resolver-provider/target/test-classes/repo/, default, releases+snapshots)
Aether Repository - artifactResolving: ut.simple:artifact:pom:1.0
Aether Repository - artifactResolved: ut.simple:artifact:pom:1.0 from repo (file:/opt/maven/apache-maven-3.9.9/maven-resolver-provider/target/test-classes/repo/, default, releases+snapshots)
]]></system-out>
    <system-err><![CDATA[[main] WARN org.eclipse.aether.internal.impl.WarnChecksumPolicy - Could not validate integrity of download from file:/opt/maven/apache-maven-3.9.9/maven-resolver-provider/target/test-classes/repo/ut/simple/artifact/maven-metadata.xml
org.eclipse.aether.transfer.ChecksumFailureException: Checksum validation failed, no checksums available
	at org.eclipse.aether.internal.impl.AbstractChecksumPolicy.onNoMoreChecksums(AbstractChecksumPolicy.java:63)
	at org.eclipse.aether.connector.basic.ChecksumValidator.validate(ChecksumValidator.java:112)
	at org.eclipse.aether.connector.basic.BasicRepositoryConnector$GetTaskRunner.runTask(BasicRepositoryConnector.java:484)
	at org.eclipse.aether.connector.basic.BasicRepositoryConnector$TaskRunner.run(BasicRepositoryConnector.java:414)
	at org.eclipse.aether.connector.basic.BasicRepositoryConnector.get(BasicRepositoryConnector.java:215)
	at org.eclipse.aether.internal.impl.DefaultMetadataResolver$ResolveTask.run(DefaultMetadataResolver.java:556)
	at org.eclipse.aether.util.concurrency.RunnableErrorForwarder.lambda$wrap$0(RunnableErrorForwarder.java:66)
	at org.eclipse.aether.internal.impl.DefaultMetadataResolver.resolve(DefaultMetadataResolver.java:352)
	at org.eclipse.aether.internal.impl.DefaultMetadataResolver.resolveMetadata(DefaultMetadataResolver.java:180)
	at org.apache.maven.repository.internal.DefaultVersionRangeResolver.getVersions(DefaultVersionRangeResolver.java:192)
	at org.apache.maven.repository.internal.DefaultVersionRangeResolver.resolveVersionRange(DefaultVersionRangeResolver.java:145)
	at org.apache.maven.repository.internal.DefaultModelResolver.resolveModel(DefaultModelResolver.java:178)
	at org.apache.maven.repository.internal.DefaultModelResolverTest.testResolveParentSuccessfullyResolvesExistingParentUsingHighestVersion(DefaultModelResolverTest.java:107)
	at java.base/jdk.internal.reflect.DirectMethodHandleAccessor.invoke(DirectMethodHandleAccessor.java:103)
	at java.base/java.lang.reflect.Method.invoke(Method.java:580)
	at junit.framework.TestCase.runTest(TestCase.java:177)
	at junit.framework.TestCase.runBare(TestCase.java:142)
	at junit.framework.TestResult$1.protect(TestResult.java:122)
	at junit.framework.TestResult.runProtected(TestResult.java:142)
	at junit.framework.TestResult.run(TestResult.java:125)
	at junit.framework.TestCase.run(TestCase.java:130)
	at junit.framework.TestSuite.runTest(TestSuite.java:241)
	at junit.framework.TestSuite.run(TestSuite.java:236)
	at org.junit.internal.runners.JUnit38ClassRunner.run(JUnit38ClassRunner.java:90)
	at org.apache.maven.surefire.junit4.JUnit4Provider.execute(JUnit4Provider.java:316)
	at org.apache.maven.surefire.junit4.JUnit4Provider.executeWithRerun(JUnit4Provider.java:240)
	at org.apache.maven.surefire.junit4.JUnit4Provider.executeTestSet(JUnit4Provider.java:214)
	at org.apache.maven.surefire.junit4.JUnit4Provider.invoke(JUnit4Provider.java:155)
	at org.apache.maven.surefire.booter.ForkedBooter.runSuitesInProcess(ForkedBooter.java:385)
	at org.apache.maven.surefire.booter.ForkedBooter.execute(ForkedBooter.java:162)
	at org.apache.maven.surefire.booter.ForkedBooter.run(ForkedBooter.java:507)
	at org.apache.maven.surefire.booter.ForkedBooter.main(ForkedBooter.java:495)
]]></system-err>
  </testcase>
  <testcase name="testResolveDependencyThrowsUnresolvableModelExceptionWhenNoMatchingVersionFound" classname="org.apache.maven.repository.internal.DefaultModelResolverTest" time="0.073">
    <system-out><![CDATA[Aether Repository - metadataResolving: ut.simple:artifact/maven-metadata.xml from /opt/maven/apache-maven-3.9.9/maven-resolver-provider/target/local-repo (enhanced)
Aether Repository - metadataResolved: ut.simple:artifact/maven-metadata.xml from /opt/maven/apache-maven-3.9.9/maven-resolver-provider/target/local-repo (enhanced)
Aether Repository - metadataResolving: ut.simple:artifact/maven-metadata.xml from repo (file:/opt/maven/apache-maven-3.9.9/maven-resolver-provider/target/test-classes/repo/, default, releases+snapshots)
Aether Repository - metadataResolved: ut.simple:artifact/maven-metadata.xml from repo (file:/opt/maven/apache-maven-3.9.9/maven-resolver-provider/target/test-classes/repo/, default, releases+snapshots)
]]></system-out>
  </testcase>
  <testcase name="testResolveDependencySuccessfullyResolvesExistingDependencyUsingHighestVersion" classname="org.apache.maven.repository.internal.DefaultModelResolverTest" time="0.055">
    <system-out><![CDATA[Aether Repository - metadataResolving: ut.simple:artifact/maven-metadata.xml from /opt/maven/apache-maven-3.9.9/maven-resolver-provider/target/local-repo (enhanced)
Aether Repository - metadataResolved: ut.simple:artifact/maven-metadata.xml from /opt/maven/apache-maven-3.9.9/maven-resolver-provider/target/local-repo (enhanced)
Aether Repository - metadataResolving: ut.simple:artifact/maven-metadata.xml from repo (file:/opt/maven/apache-maven-3.9.9/maven-resolver-provider/target/test-classes/repo/, default, releases+snapshots)
Aether Repository - metadataResolved: ut.simple:artifact/maven-metadata.xml from repo (file:/opt/maven/apache-maven-3.9.9/maven-resolver-provider/target/test-classes/repo/, default, releases+snapshots)
Aether Repository - artifactResolving: ut.simple:artifact:pom:1.0
Aether Repository - artifactResolved: ut.simple:artifact:pom:1.0 from repo (file:/opt/maven/apache-maven-3.9.9/maven-resolver-provider/target/test-classes/repo/, default, releases+snapshots)
]]></system-out>
  </testcase>
  <testcase name="testResolveDependencyThrowsUnresolvableModelExceptionWhenUsingRangesWithoutUpperBound" classname="org.apache.maven.repository.internal.DefaultModelResolverTest" time="0.059">
    <system-out><![CDATA[Aether Repository - metadataResolving: ut.simple:artifact/maven-metadata.xml from /opt/maven/apache-maven-3.9.9/maven-resolver-provider/target/local-repo (enhanced)
Aether Repository - metadataResolved: ut.simple:artifact/maven-metadata.xml from /opt/maven/apache-maven-3.9.9/maven-resolver-provider/target/local-repo (enhanced)
Aether Repository - metadataResolving: ut.simple:artifact/maven-metadata.xml from repo (file:/opt/maven/apache-maven-3.9.9/maven-resolver-provider/target/test-classes/repo/, default, releases+snapshots)
Aether Repository - metadataResolved: ut.simple:artifact/maven-metadata.xml from repo (file:/opt/maven/apache-maven-3.9.9/maven-resolver-provider/target/test-classes/repo/, default, releases+snapshots)
]]></system-out>
  </testcase>
  <testcase name="testResolveParentThrowsUnresolvableModelExceptionWhenNoMatchingVersionFound" classname="org.apache.maven.repository.internal.DefaultModelResolverTest" time="0.06">
    <system-out><![CDATA[Aether Repository - metadataResolving: ut.simple:artifact/maven-metadata.xml from /opt/maven/apache-maven-3.9.9/maven-resolver-provider/target/local-repo (enhanced)
Aether Repository - metadataResolved: ut.simple:artifact/maven-metadata.xml from /opt/maven/apache-maven-3.9.9/maven-resolver-provider/target/local-repo (enhanced)
Aether Repository - metadataResolving: ut.simple:artifact/maven-metadata.xml from repo (file:/opt/maven/apache-maven-3.9.9/maven-resolver-provider/target/test-classes/repo/, default, releases+snapshots)
Aether Repository - metadataResolved: ut.simple:artifact/maven-metadata.xml from repo (file:/opt/maven/apache-maven-3.9.9/maven-resolver-provider/target/test-classes/repo/, default, releases+snapshots)
]]></system-out>
  </testcase>
  <testcase name="testResolveParentThrowsUnresolvableModelExceptionWhenUsingRangesWithoutUpperBound" classname="org.apache.maven.repository.internal.DefaultModelResolverTest" time="0.047">
    <system-out><![CDATA[Aether Repository - metadataResolving: ut.simple:artifact/maven-metadata.xml from /opt/maven/apache-maven-3.9.9/maven-resolver-provider/target/local-repo (enhanced)
Aether Repository - metadataResolved: ut.simple:artifact/maven-metadata.xml from /opt/maven/apache-maven-3.9.9/maven-resolver-provider/target/local-repo (enhanced)
Aether Repository - metadataResolving: ut.simple:artifact/maven-metadata.xml from repo (file:/opt/maven/apache-maven-3.9.9/maven-resolver-provider/target/test-classes/repo/, default, releases+snapshots)
Aether Repository - metadataResolved: ut.simple:artifact/maven-metadata.xml from repo (file:/opt/maven/apache-maven-3.9.9/maven-resolver-provider/target/test-classes/repo/, default, releases+snapshots)
]]></system-out>
  </testcase>
</testsuite>