<?xml version="1.0" encoding="UTF-8"?>
<testsuite xmlns:xsi="http://www.w3.org/2001/XMLSchema-instance" xsi:noNamespaceSchemaLocation="https://maven.apache.org/surefire/maven-surefire-plugin/xsd/surefire-test-report.xsd" version="3.0.1" name="org.apache.maven.cli.event.ExecutionEventLoggerTest" time="3.614" tests="3" errors="0" skipped="0" failures="0">
  <properties>
[...]
</properties>
  <testcase name="testProjectStartedNoPom" classname="org.apache.maven.cli.event.ExecutionEventLoggerTest" time="3.268">
    <system-err><![CDATA[SLF4J: Class path contains multiple SLF4J bindings.
SLF4J: Found binding in [jar:file:/home/avishkar/.m2/repository/org/slf4j/slf4j-simple/1.7.36/slf4j-simple-1.7.36.jar!/org/slf4j/impl/StaticLoggerBinder.class]
SLF4J: Found binding in [jar:file:/home/avishkar/.m2/repository/ch/qos/logback/logback-classic/1.2.13/logback-classic-1.2.13.jar!/org/slf4j/impl/StaticLoggerBinder.class]
SLF4J: See http://www.slf4j.org/codes.html#multiple_bindings for an explanation.
SLF4J: Actual binding is of type [org.slf4j.impl.SimpleLoggerFactory]
]]></system-err>
  </testcase>
  <testcase name="testProjectStartedOverflow" classname="org.apache.maven.cli.event.ExecutionEventLoggerTest" time="0.095"/>
  <testcase name="testProjectStarted" classname="org.apache.maven.cli.event.ExecutionEventLoggerTest" time="0.009"/>
</testsuite>