<?xml version="1.0" encoding="UTF-8"?>
<testsuite xmlns:xsi="http://www.w3.org/2001/XMLSchema-instance" xsi:noNamespaceSchemaLocation="https://maven.apache.org/surefire/maven-surefire-plugin/xsd/surefire-test-report.xsd" version="3.0.1" name="org.apache.maven.project.inheritance.t01.ProjectInheritanceTest" time="0.139" tests="1" errors="0" skipped="0" failures="0">
  <properties>
[...]
</properties>
  <testcase name="testProjectInheritance" classname="org.apache.maven.project.inheritance.t01.ProjectInheritanceTest" time="0.138">
    <system-out><![CDATA[org/apache/maven/project/AbstractMavenProjectTestCase.xml
]]></system-out>
  </testcase>
</testsuite>